# JRE version: OpenJDK Runtime Environment Temurin-17.0.10+7 (17.0.10+7) (build 17.0.10+7)
# Java VM: OpenJDK 64-Bit Server VM Temurin-17.0.10+7 (17.0.10+7, mixed mode, emulated-client, tiered, compressed oops, compressed class ptrs, g1 gc, windows-amd64)
GC Precious Log:
 CPUs: 4 total, 4 available
 Memory: 7975M
 Large Page Support: Disabled
 NUMA Support: Disabled
 Compressed Oops: Enabled (32-bit)
 Heap Region Size: 1M
 Heap Min Capacity: 8M
 Heap Initial Capacity: 126M
 Heap Max Capacity: 1G
 Pre-touch: Disabled
 Parallel Workers: 4
 Concurrent Workers: 1
 Concurrent Refinement Workers: 4
 Periodic GC: Disabled
Heap:
 garbage-first heap   total 86016K, used 37639K [0x00000000c0000000, 0x0000000100000000)
  region size 1024K, 1 young (1024K), 0 survivors (0K)
 Metaspace       used 60456K, committed 60928K, reserved 1114112K
  class space    used 7574K, committed 7808K, reserved 1048576K
GC Heap History (20 events):
Event: 8203.941 GC heap before
{Heap before GC invocations=656 (full 626):
 garbage-first heap   total 86016K, used 37639K [0x00000000c0000000, 0x0000000100000000)
  region size 1024K, 1 young (1024K), 0 survivors (0K)
 Metaspace       used 60456K, committed 60928K, reserved 1114112K
  class space    used 7574K, committed 7808K, reserved 1048576K
}
Event: 8203.992 GC heap after
{Heap after GC invocations=657 (full 627):
 garbage-first heap   total 86016K, used 37639K [0x00000000c0000000, 0x0000000100000000)
  region size 1024K, 0 young (0K), 0 survivors (0K)
 Metaspace       used 60456K, committed 60928K, reserved 1114112K
  class space    used 7574K, committed 7808K, reserved 1048576K
}
Event: 8214.244 GC heap before
{Heap before GC invocations=657 (full 627):
 garbage-first heap   total 86016K, used 37639K [0x00000000c0000000, 0x0000000100000000)
  region size 1024K, 1 young (1024K), 0 survivors (0K)
 Metaspace       used 60456K, committed 60928K, reserved 1114112K
  class space    used 7574K, committed 7808K, reserved 1048576K
}
Event: 8214.294 GC heap after
{Heap after GC invocations=658 (full 628):
 garbage-first heap   total 86016K, used 37639K [0x00000000c0000000, 0x0000000100000000)
  region size 1024K, 0 young (0K), 0 survivors (0K)
 Metaspace       used 60456K, committed 60928K, reserved 1114112K
  class space    used 7574K, committed 7808K, reserved 1048576K
}
Event: 8224.780 GC heap before
{Heap before GC invocations=658 (full 628):
 garbage-first heap   total 86016K, used 37639K [0x00000000c0000000, 0x0000000100000000)
  region size 1024K, 1 young (1024K), 0 survivors (0K)
 Metaspace       used 60456K, committed 60928K, reserved 1114112K
  class space    used 7574K, committed 7808K, reserved 1048576K
}
Event: 8224.831 GC heap after
{Heap after GC invocations=659 (full 629):
 garbage-first heap   total 86016K, used 37639K [0x00000000c0000000, 0x0000000100000000)
  region size 1024K, 0 young (0K), 0 survivors (0K)
 Metaspace       used 60456K, committed 60928K, reserved 1114112K
  class space    used 7574K, committed 7808K, reserved 1048576K
}
Event: 8235.228 GC heap before
{Heap before GC invocations=659 (full 629):
 garbage-first heap   total 86016K, used 37639K [0x00000000c0000000, 0x0000000100000000)
  region size 1024K, 1 young (1024K), 0 survivors (0K)
 Metaspace       used 60456K, committed 60928K, reserved 1114112K
  class space    used 7574K, committed 7808K, reserved 1048576K
}
Event: 8235.275 GC heap after
{Heap after GC invocations=660 (full 630):
 garbage-first heap   total 86016K, used 37639K [0x00000000c0000000, 0x0000000100000000)
  region size 1024K, 0 young (0K), 0 survivors (0K)
 Metaspace       used 60456K, committed 60928K, reserved 1114112K
  class space    used 7574K, committed 7808K, reserved 1048576K
}
Event: 8245.452 GC heap before
{Heap before GC invocations=660 (full 630):
 garbage-first heap   total 86016K, used 37639K [0x00000000c0000000, 0x0000000100000000)
  region size 1024K, 1 young (1024K), 0 survivors (0K)
 Metaspace       used 60456K, committed 60928K, reserved 1114112K
  class space    used 7574K, committed 7808K, reserved 1048576K
}
Event: 8245.492 GC heap after
{Heap after GC invocations=661 (full 631):
 garbage-first heap   total 86016K, used 37639K [0x00000000c0000000, 0x0000000100000000)
  region size 1024K, 0 young (0K), 0 survivors (0K)
 Metaspace       used 60456K, committed 60928K, reserved 1114112K
  class space    used 7574K, committed 7808K, reserved 1048576K
}
Event: 8255.713 GC heap before
{Heap before GC invocations=661 (full 631):
 garbage-first heap   total 86016K, used 37639K [0x00000000c0000000, 0x0000000100000000)
  region size 1024K, 1 young (1024K), 0 survivors (0K)
 Metaspace       used 60456K, committed 60928K, reserved 1114112K
  class space    used 7574K, committed 7808K, reserved 1048576K
}
Event: 8255.760 GC heap after
{Heap after GC invocations=662 (full 632):
 garbage-first heap   total 86016K, used 37639K [0x00000000c0000000, 0x0000000100000000)
  region size 1024K, 0 young (0K), 0 survivors (0K)
 Metaspace       used 60456K, committed 60928K, reserved 1114112K
  class space    used 7574K, committed 7808K, reserved 1048576K
}
Event: 8265.924 GC heap before
{Heap before GC invocations=662 (full 632):
 garbage-first heap   total 86016K, used 37639K [0x00000000c0000000, 0x0000000100000000)
  region size 1024K, 1 young (1024K), 0 survivors (0K)
 Metaspace       used 60456K, committed 60928K, reserved 1114112K
  class space    used 7574K, committed 7808K, reserved 1048576K
}
Event: 8265.970 GC heap after
{Heap after GC invocations=663 (full 633):
 garbage-first heap   total 86016K, used 37639K [0x00000000c0000000, 0x0000000100000000)
  region size 1024K, 0 young (0K), 0 survivors (0K)
 Metaspace       used 60456K, committed 60928K, reserved 1114112K
  class space    used 7574K, committed 7808K, reserved 1048576K
}
Event: 8276.316 GC heap before
{Heap before GC invocations=663 (full 633):
 garbage-first heap   total 86016K, used 37639K [0x00000000c0000000, 0x0000000100000000)
  region size 1024K, 1 young (1024K), 0 survivors (0K)
 Metaspace       used 60456K, committed 60928K, reserved 1114112K
  class space    used 7574K, committed 7808K, reserved 1048576K
}
Event: 8276.367 GC heap after
{Heap after GC invocations=664 (full 634):
 garbage-first heap   total 86016K, used 37639K [0x00000000c0000000, 0x0000000100000000)
  region size 1024K, 0 young (0K), 0 survivors (0K)
 Metaspace       used 60456K, committed 60928K, reserved 1114112K
  class space    used 7574K, committed 7808K, reserved 1048576K
}
Event: 8286.564 GC heap before
{Heap before GC invocations=664 (full 634):
 garbage-first heap   total 86016K, used 37639K [0x00000000c0000000, 0x0000000100000000)
  region size 1024K, 1 young (1024K), 0 survivors (0K)
 Metaspace       used 60456K, committed 60928K, reserved 1114112K
  class space    used 7574K, committed 7808K, reserved 1048576K
}
Event: 8286.604 GC heap after
{Heap after GC invocations=665 (full 635):
 garbage-first heap   total 86016K, used 37639K [0x00000000c0000000, 0x0000000100000000)
  region size 1024K, 0 young (0K), 0 survivors (0K)
 Metaspace       used 60456K, committed 60928K, reserved 1114112K
  class space    used 7574K, committed 7808K, reserved 1048576K
}
Event: 8296.788 GC heap before
{Heap before GC invocations=665 (full 635):
 garbage-first heap   total 86016K, used 37639K [0x00000000c0000000, 0x0000000100000000)
  region size 1024K, 1 young (1024K), 0 survivors (0K)
 Metaspace       used 60456K, committed 60928K, reserved 1114112K
  class space    used 7574K, committed 7808K, reserved 1048576K
}
Event: 8296.825 GC heap after
{Heap after GC invocations=666 (full 636):
 garbage-first heap   total 86016K, used 37639K [0x00000000c0000000, 0x0000000100000000)
  region size 1024K, 0 young (0K), 0 survivors (0K)
 Metaspace       used 60456K, committed 60928K, reserved 1114112K
  class space    used 7574K, committed 7808K, reserved 1048576K
}

